<?xml version="1.0" encoding="UTF-8"?>
<testng-results skipped="0" failed="1" total="1" passed="0">
  <reporter-output>
  </reporter-output>
  <suite name="Command line suite" duration-ms="81504" started-at="2016-11-06T10:40:36Z" finished-at="2016-11-06T10:41:58Z">
    <groups>
    </groups>
    <test name="Command line test" duration-ms="81504" started-at="2016-11-06T10:40:36Z" finished-at="2016-11-06T10:41:58Z">
      <class name="gdTicketsUaDesctopTest.buyTicketTestSuite.BuyTicket_001_BuyRoundTicketTestCase">
        <test-method status="PASS" signature="startTestSuite()[pri:0, instance:gdTicketsUaDesctopTest.buyTicketTestSuite.BuyTicket_001_BuyRoundTicketTestCase@616ca2]" name="startTestSuite" is-config="true" duration-ms="340" started-at="2016-11-06T12:40:36Z" finished-at="2016-11-06T12:40:36Z">
          <reporter-output>
          </reporter-output>
        </test-method> <!-- startTestSuite -->
        <test-method status="PASS" signature="startTest(java.lang.String)[pri:0, instance:gdTicketsUaDesctopTest.buyTicketTestSuite.BuyTicket_001_BuyRoundTicketTestCase@616ca2]" name="startTest" is-config="true" duration-ms="28513" started-at="2016-11-06T12:40:36Z" finished-at="2016-11-06T12:41:05Z">
          <params>
            <param index="0">
              <value>
                <![CDATA[ff]]>
              </value>
            </param>
          </params>
          <reporter-output>
          </reporter-output>
        </test-method> <!-- startTest -->
        <test-method status="FAIL" signature="test_001()[pri:0, instance:gdTicketsUaDesctopTest.buyTicketTestSuite.BuyTicket_001_BuyRoundTicketTestCase@616ca2]" name="test_001" duration-ms="48965" started-at="2016-11-06T12:41:05Z" finished-at="2016-11-06T12:41:54Z">
          <exception class="java.lang.NullPointerException">
            <full-stacktrace>
              <![CDATA[java.lang.NullPointerException
	at java.lang.String.contains(String.java:2133)
	at gdTicketsUaDesctop.pages.PurchasePage.lambda$confirmTrain$7(PurchasePage.java:57)
	at java.util.stream.MatchOps$1MatchSink.accept(MatchOps.java:90)
	at java.util.stream.ReferencePipeline$11$1.accept(ReferencePipeline.java:373)
	at java.util.stream.ReferencePipeline$3$1.accept(ReferencePipeline.java:193)
	at java.util.ArrayList$ArrayListSpliterator.tryAdvance(ArrayList.java:1351)
	at java.util.stream.ReferencePipeline.forEachWithCancel(ReferencePipeline.java:126)
	at java.util.stream.AbstractPipeline.copyIntoWithCancel(AbstractPipeline.java:498)
	at java.util.stream.AbstractPipeline.copyInto(AbstractPipeline.java:485)
	at java.util.stream.AbstractPipeline.wrapAndCopyInto(AbstractPipeline.java:471)
	at java.util.stream.MatchOps$MatchOp.evaluateSequential(MatchOps.java:230)
	at java.util.stream.MatchOps$MatchOp.evaluateSequential(MatchOps.java:196)
	at java.util.stream.AbstractPipeline.evaluate(AbstractPipeline.java:234)
	at java.util.stream.ReferencePipeline.anyMatch(ReferencePipeline.java:449)
	at gdTicketsUaDesctop.pages.PurchasePage.confirmTrain(PurchasePage.java:57)
	at gdTicketsUaDesctopTest.buyTicketTestSuite.BuyTicket_001_BuyRoundTicketTestCase.test_001(BuyTicket_001_BuyRoundTicketTestCase.java:46)
	at sun.reflect.NativeMethodAccessorImpl.invoke0(Native Method)
	at sun.reflect.NativeMethodAccessorImpl.invoke(NativeMethodAccessorImpl.java:62)
	at sun.reflect.DelegatingMethodAccessorImpl.invoke(DelegatingMethodAccessorImpl.java:43)
	at java.lang.reflect.Method.invoke(Method.java:497)
	at org.testng.internal.MethodInvocationHelper.invokeMethod(MethodInvocationHelper.java:85)
	at org.testng.internal.Invoker.invokeMethod(Invoker.java:639)
	at org.testng.internal.Invoker.invokeTestMethod(Invoker.java:821)
	at org.testng.internal.Invoker.invokeTestMethods(Invoker.java:1131)
	at org.testng.internal.TestMethodWorker.invokeTestMethods(TestMethodWorker.java:124)
	at org.testng.internal.TestMethodWorker.run(TestMethodWorker.java:108)
	at org.testng.TestRunner.privateRun(TestRunner.java:773)
	at org.testng.TestRunner.run(TestRunner.java:623)
	at org.testng.SuiteRunner.runTest(SuiteRunner.java:357)
	at org.testng.SuiteRunner.runSequentially(SuiteRunner.java:352)
	at org.testng.SuiteRunner.privateRun(SuiteRunner.java:310)
	at org.testng.SuiteRunner.run(SuiteRunner.java:259)
	at org.testng.SuiteRunnerWorker.runSuite(SuiteRunnerWorker.java:52)
	at org.testng.SuiteRunnerWorker.run(SuiteRunnerWorker.java:86)
	at org.testng.TestNG.runSuitesSequentially(TestNG.java:1185)
	at org.testng.TestNG.runSuitesLocally(TestNG.java:1110)
	at org.testng.TestNG.run(TestNG.java:1018)
	at org.apache.maven.surefire.testng.TestNGExecutor.run(TestNGExecutor.java:77)
	at org.apache.maven.surefire.testng.TestNGDirectoryTestSuite.executeMulti(TestNGDirectoryTestSuite.java:159)
	at org.apache.maven.surefire.testng.TestNGDirectoryTestSuite.execute(TestNGDirectoryTestSuite.java:99)
	at org.apache.maven.surefire.testng.TestNGProvider.invoke(TestNGProvider.java:106)
	at sun.reflect.NativeMethodAccessorImpl.invoke0(Native Method)
	at sun.reflect.NativeMethodAccessorImpl.invoke(NativeMethodAccessorImpl.java:62)
	at sun.reflect.DelegatingMethodAccessorImpl.invoke(DelegatingMethodAccessorImpl.java:43)
	at java.lang.reflect.Method.invoke(Method.java:497)
	at org.apache.maven.surefire.util.ReflectionUtils.invokeMethodWithArray(ReflectionUtils.java:189)
	at org.apache.maven.surefire.booter.ProviderFactory$ProviderProxy.invoke(ProviderFactory.java:165)
	at org.apache.maven.surefire.booter.ProviderFactory.invokeProvider(ProviderFactory.java:85)
	at org.apache.maven.surefire.booter.ForkedBooter.runSuitesInProcess(ForkedBooter.java:115)
	at org.apache.maven.surefire.booter.ForkedBooter.main(ForkedBooter.java:75)
]]>
            </full-stacktrace>
          </exception> <!-- java.lang.NullPointerException -->
          <reporter-output>
          </reporter-output>
        </test-method> <!-- test_001 -->
        <test-method status="PASS" signature="afterTest(org.testng.ITestContext)[pri:0, instance:gdTicketsUaDesctopTest.buyTicketTestSuite.BuyTicket_001_BuyRoundTicketTestCase@616ca2]" name="afterTest" is-config="true" duration-ms="3988" started-at="2016-11-06T12:41:54Z" finished-at="2016-11-06T12:41:58Z">
          <params>
            <param index="0">
              <value>
                <![CDATA[org.testng.TestRunner@bde49d]]>
              </value>
            </param>
          </params>
          <reporter-output>
          </reporter-output>
        </test-method> <!-- afterTest -->
        <test-method status="PASS" signature="finishTestSuite()[pri:0, instance:gdTicketsUaDesctopTest.buyTicketTestSuite.BuyTicket_001_BuyRoundTicketTestCase@616ca2]" name="finishTestSuite" is-config="true" duration-ms="0" started-at="2016-11-06T12:41:58Z" finished-at="2016-11-06T12:41:58Z">
          <reporter-output>
          </reporter-output>
        </test-method> <!-- finishTestSuite -->
      </class> <!-- gdTicketsUaDesctopTest.buyTicketTestSuite.BuyTicket_001_BuyRoundTicketTestCase -->
    </test> <!-- Command line test -->
  </suite> <!-- Command line suite -->
</testng-results>
