<?xml version="1.0" encoding="UTF-8" ?>
<testsuite tests="1" failures="1" name="TestSuite" time="48.989" errors="0" skipped="0">
  <properties>
[...]
</properties>
  <testcase classname="gdTicketsUaDesctopTest.buyTicketTestSuite.BuyTicket_001_BuyRoundTicketTestCase" name="test_001" time="48.989">
    <failure type="java.lang.NullPointerException">java.lang.NullPointerException
	at java.lang.String.contains(String.java:2133)
	at gdTicketsUaDesctop.pages.PurchasePage.lambda$confirmTrain$7(PurchasePage.java:57)
	at java.util.stream.MatchOps$1MatchSink.accept(MatchOps.java:90)
	at java.util.stream.ReferencePipeline$11$1.accept(ReferencePipeline.java:373)
	at java.util.stream.ReferencePipeline$3$1.accept(ReferencePipeline.java:193)
	at java.util.ArrayList$ArrayListSpliterator.tryAdvance(ArrayList.java:1351)
	at java.util.stream.ReferencePipeline.forEachWithCancel(ReferencePipeline.java:126)
	at java.util.stream.AbstractPipeline.copyIntoWithCancel(AbstractPipeline.java:498)
	at java.util.stream.AbstractPipeline.copyInto(AbstractPipeline.java:485)
	at java.util.stream.AbstractPipeline.wrapAndCopyInto(AbstractPipeline.java:471)
	at java.util.stream.MatchOps$MatchOp.evaluateSequential(MatchOps.java:230)
	at java.util.stream.MatchOps$MatchOp.evaluateSequential(MatchOps.java:196)
	at java.util.stream.AbstractPipeline.evaluate(AbstractPipeline.java:234)
	at java.util.stream.ReferencePipeline.anyMatch(ReferencePipeline.java:449)
	at gdTicketsUaDesctop.pages.PurchasePage.confirmTrain(PurchasePage.java:57)
	at gdTicketsUaDesctopTest.buyTicketTestSuite.BuyTicket_001_BuyRoundTicketTestCase.test_001(BuyTicket_001_BuyRoundTicketTestCase.java:46)
</failure>
    <system-out>Configuring TestNG with: org.apache.maven.surefire.testng.conf.TestNG652Configurator@2decdb
2016-11-06 12:40:36,999 INFO  [] ================================================================= 
2016-11-06 12:40:36,999 INFO  [] Test suite started 
2016-11-06 12:40:36,999 INFO  [] ================================================================= 
2016-11-06 12:40:36,999 INFO  [] ================================================================= 
2016-11-06 12:40:36,999 INFO  [] TestCase: &quot;BuyTicket_001_BuyRoundTicketTestCase&quot; started 
2016-11-06 12:40:36,999 INFO  [] ================================================================= 
2016-11-06 12:40:36,999 INFO  [] Used FirefoxDriver for Windows 
2016-11-06 12:41:04,208 INFO  [] Used Firefox driver 
2016-11-06 12:41:05,512 INFO  [] Move to coordinate 0x0 
2016-11-06 12:41:05,512 INFO  [] Maximize window 
2016-11-06 12:41:14,829 INFO  [] Go to: https://gd.tickets.ua/ 
2016-11-06 12:41:16,856 INFO  [] Click on &quot;&apos;Р’ РѕР±Рµ СЃС‚РѕСЂРѕРЅС‹&apos;&quot; //*[@id=&apos;round_trip&apos;]/following-sibling::* 
2016-11-06 12:41:16,856 INFO  [] ----------- Arrival point ----------- 
2016-11-06 12:41:17,507 INFO  [] &quot;Киев &quot; has been send to &quot;РљСѓРґР°&quot; //*[@id=&apos;to_name&apos;] 
2016-11-06 12:41:18,578 INFO  [] ENTER has been pressed 
2016-11-06 12:41:19,137 INFO  [] Click on &quot;Р”Р°С‚Р° РљСѓРґР°&quot; //*[@id=&apos;departure_date_back&apos;] 
2016-11-06 12:41:19,658 INFO  [] Click on &quot;24.10.2016&quot; //*[@data-year=&apos;2016&apos; and @data-month=&apos;10&apos;]/*[text()=&apos;24&apos;] 
2016-11-06 12:41:19,658 INFO  [] --------- Departure point --------- 
2016-11-06 12:41:20,118 INFO  [] &quot;Львов &quot; has been send to &quot;РћС‚РєСѓРґР°&quot; //*[@id=&apos;from_name_as&apos;] 
2016-11-06 12:41:21,335 INFO  [] ENTER has been pressed 
2016-11-06 12:41:21,595 INFO  [] Click on &quot;Р”Р°С‚Р° РћС‚РєСѓРґР°&quot; //*[@id=&apos;departure_date&apos;] 
2016-11-06 12:41:21,753 INFO  [] Click on &quot;19.10.2016&quot; //*[@data-year=&apos;2016&apos; and @data-month=&apos;10&apos;]/*[text()=&apos;19&apos;] 
2016-11-06 12:41:23,674 INFO  [] Click on &quot;РџРѕРёСЃРє&quot; //*[contains(@class,&apos;main-search__block&apos;)]//*[@type=&apos;submit&apos;] 
2016-11-06 12:41:30,040 INFO  [] --------------- Train ------------- 
2016-11-06 12:41:30,040 INFO  [] Р’С‹Р±СЂР°С‚СЊ: РџРѕРµР·Рґ 
2016-11-06 12:41:30,057 INFO  [] 092Л  
2016-11-06 12:41:30,363 INFO  [] Click on &quot;Р’С‹Р±СЂР°С‚СЊ: РўРёРї&quot; ((//*[contains(@class,&apos;free-places&apos;) and preceding-sibling::*[contains(@class,&apos;train&apos;)]])[10]//span/../a)[2] 
2016-11-06 12:41:30,411 INFO  [] Купе 
2016-11-06 12:41:33,773 INFO  [] Click on &quot;Р’С‹Р±СЂР°С‚СЊ: РњРµСЃС‚Рѕ&quot; (//*[contains(@class,&apos;sits_block&apos;)]//a)[8] 
2016-11-06 12:41:34,648 INFO  [] 10 
2016-11-06 12:41:35,198 INFO  [] &quot;Юзвишин &quot; has been send to &quot;Р¤Р°РјРёР»РёСЏ&quot; //*[contains(@id,&apos;lastname&apos;)] 
2016-11-06 12:41:37,111 INFO  [] &quot;Назар &quot; has been send to &quot;Р?РјСЏ&quot; //*[contains(@id,&apos;firstname&apos;)] 
2016-11-06 12:41:37,719 INFO  [] &quot;1478428836607@inbox.ru &quot; has been send to &quot;Email&quot; //*[@id=&apos;user_form&apos;]//*[@id=&apos;email&apos;] 
2016-11-06 12:41:38,209 INFO  [] &quot;905147405 &quot; has been send to &quot;РќРѕРјРµСЂ С‚РµР»РµС„РѕРЅР°&quot; //*[@id=&apos;buyer_data&apos;]//*[@id=&apos;phone_number&apos;] 
2016-11-06 12:41:38,379 INFO  [] Click on &quot;РЇ РїСЂРёРЅРёРјР°СЋ РїСЂР°РІРёР»Р° РїСѓР±Р»РёС‡РЅРѕР№ РѕС„РµСЂС‚С‹&quot; //*[@id=&apos;i_accept_offerta&apos;]/.. 
2016-11-06 12:41:38,439 INFO  [] 317 UAH 
2016-11-06 12:41:38,449 INFO  [] ----------------------------------- 
2016-11-06 12:41:38,741 INFO  [] Click on &quot;РџСЂРѕРґРѕР»Р¶РёС‚СЊ&quot; //*[contains(@class,&apos;buy-block&apos;)]//*[@type=&apos;submit&apos;] 
2016-11-06 12:41:43,034 INFO  [] --------------- Train ------------- 
2016-11-06 12:41:43,034 INFO  [] Р’С‹Р±СЂР°С‚СЊ: РџРѕРµР·Рґ 
2016-11-06 12:41:43,054 INFO  [] 115О  
2016-11-06 12:41:43,404 INFO  [] Click on &quot;Р’С‹Р±СЂР°С‚СЊ: РўРёРї&quot; ((//*[contains(@class,&apos;free-places&apos;) and preceding-sibling::*[contains(@class,&apos;train&apos;)]])[2]//span/../a)[1] 
2016-11-06 12:41:43,444 INFO  [] Люкс 
2016-11-06 12:41:47,549 INFO  [] Click on &quot;Р’С‹Р±СЂР°С‚СЊ: РњРµСЃС‚Рѕ&quot; (//*[contains(@class,&apos;sits_block&apos;)]//a)[4] 
2016-11-06 12:41:47,669 INFO  [] 4 
2016-11-06 12:41:47,750 INFO  [] 710 UAH 
2016-11-06 12:41:47,770 INFO  [] ----------------------------------- 
2016-11-06 12:41:48,100 INFO  [] Click on &quot;РџСЂРѕРґРѕР»Р¶РёС‚СЊ&quot; //*[contains(@class,&apos;buy-block&apos;)]//*[@type=&apos;submit&apos;] 
2016-11-06 12:41:54,497 INFO  [] Поезд №092Л &gt;-&lt; null 
</system-out>
  </testcase>
</testsuite>